<?xml version="1.0" encoding="UTF-8"?>
<!-- Generated by org.testng.reporters.JUnitReportReporter -->
<testsuite skipped="0" hostname="Jagadeesh" name="testNgBasic.LearnAttributes1" tests="5" failures="0" timestamp="17 Sep 2024 15:02:31 GMT" time="0.054" errors="0">
  <testcase name="signUp" time="0.046" classname="testNgBasic.LearnAttributes1"/>
  <testcase name="logIn" time="0.001" classname="testNgBasic.LearnAttributes1"/>
  <testcase name="searchProduct" time="0.003" classname="testNgBasic.LearnAttributes1"/>
  <testcase name="addToCart" time="0.004" classname="testNgBasic.LearnAttributes1"/>
  <testcase name="signOut" time="0.000" classname="testNgBasic.LearnAttributes1"/>
</testsuite> <!-- testNgBasic.LearnAttributes1 -->
