<?xml version="1.0" encoding="UTF-8"?>
<!-- Generated by org.testng.reporters.JUnitReportReporter -->
<testsuite skipped="0" hostname="Jagadeesh" name="testNgBasic.LearnGroups" tests="4" failures="0" timestamp="18 Sep 2024 00:50:17 GMT" time="0.218" errors="0">
  <testcase name="signOut" time="0.005" classname="testNgBasic.LearnGroups"/>
  <testcase name="signUp" time="0.107" classname="testNgBasic.LearnGroups"/>
  <testcase name="addToCart" time="0.075" classname="testNgBasic.LearnGroups"/>
  <testcase name="searchProduct" time="0.031" classname="testNgBasic.LearnGroups"/>
</testsuite> <!-- testNgBasic.LearnGroups -->
