<?xml version="1.0" encoding="UTF-8"?>
<!-- Generated by org.testng.reporters.JUnitReportReporter -->
<testsuite skipped="0" hostname="Jagadeesh" name="learnAnnotations.TesNgFlow" tests="2" failures="0" timestamp="21 Sep 2024 08:37:32 GMT" time="0.033" errors="0">
  <testcase name="myTest1" time="0.015" classname="learnAnnotations.TesNgFlow"/>
  <testcase name="myTest" time="0.018" classname="learnAnnotations.TesNgFlow"/>
</testsuite> <!-- learnAnnotations.TesNgFlow -->
