<?xml version="1.0" encoding="UTF-8"?>
<!-- Generated by org.testng.reporters.JUnitReportReporter -->
<testsuite skipped="0" hostname="Jagadeesh" name="testNgBasic.WindowHanding" tests="1" failures="0" timestamp="16 Sep 2024 17:15:44 GMT" time="47.519" errors="0">
  <testcase name="windowHandling" time="47.519" classname="testNgBasic.WindowHanding"/>
</testsuite> <!-- testNgBasic.WindowHanding -->
