<?xml version="1.0" encoding="UTF-8"?>
<!-- Generated by org.testng.reporters.JUnitReportReporter -->
<testsuite skipped="0" hostname="Jagadeesh" name="testNgBasic.LearnDataProviders" tests="2" failures="0" timestamp="21 Sep 2024 04:29:38 GMT" time="151.692" errors="0">
  <testcase name="login" time="76.080" classname="testNgBasic.LearnDataProviders"/>
  <testcase name="login" time="75.612" classname="testNgBasic.LearnDataProviders"/>
</testsuite> <!-- testNgBasic.LearnDataProviders -->
