<?xml version="1.0" encoding="UTF-8"?>
<!-- Generated by org.testng.reporters.JUnitReportReporter -->
<testsuite skipped="0" hostname="Jagadeesh" name="testNgBasic.LearnFindElements" tests="1" failures="0" timestamp="21 Sep 2024 08:06:35 GMT" time="19.032" errors="0">
  <testcase name="main" time="19.032" classname="testNgBasic.LearnFindElements"/>
</testsuite> <!-- testNgBasic.LearnFindElements -->
